<?xml version="1.0" encoding="UTF-8"?>
<testng-results ignored="0" total="2" passed="2" failed="0" skipped="0">
  <reporter-output>
  </reporter-output>
  <suite started-at="2026-06-13T12:08:25 IST" name="Suite" finished-at="2026-06-13T12:09:10 IST" duration-ms="44713">
    <groups>
    </groups>
    <test started-at="2026-06-13T12:08:25 IST" name="Test" finished-at="2026-06-13T12:09:10 IST" duration-ms="44713">
      <class name="amazon.automationTest.testLayer.IphoneTest">
        <test-method is-config="true" signature="initSetup()[pri:0, instance:amazon.automationTest.testLayer.IphoneTest@b2c9a9c]" started-at="2026-06-13T12:08:45 IST" name="initSetup" finished-at="2026-06-13T12:08:57 IST" duration-ms="11190" status="PASS">
          <reporter-output>
          </reporter-output>
        </test-method> <!-- initSetup -->
        <test-method signature="TestCase001()[pri:0, instance:amazon.automationTest.testLayer.IphoneTest@b2c9a9c]" started-at="2026-06-13T12:08:57 IST" name="TestCase001" finished-at="2026-06-13T12:09:09 IST" duration-ms="12014" status="PASS">
          <reporter-output>
          </reporter-output>
        </test-method> <!-- TestCase001 -->
        <test-method is-config="true" signature="TearDown()[pri:0, instance:amazon.automationTest.testLayer.IphoneTest@b2c9a9c]" started-at="2026-06-13T12:09:10 IST" name="TearDown" finished-at="2026-06-13T12:09:10 IST" duration-ms="1" status="PASS">
          <reporter-output>
          </reporter-output>
        </test-method> <!-- TearDown -->
      </class> <!-- amazon.automationTest.testLayer.IphoneTest -->
      <class name="amazon.automationTest.testLayer.GalaxyTest">
        <test-method is-config="true" signature="initSetup()[pri:0, instance:amazon.automationTest.testLayer.GalaxyTest@d35dea7]" started-at="2026-06-13T12:08:25 IST" name="initSetup" finished-at="2026-06-13T12:08:45 IST" duration-ms="20357" status="PASS">
          <reporter-output>
          </reporter-output>
        </test-method> <!-- initSetup -->
        <test-method signature="TestCase001()[pri:0, instance:amazon.automationTest.testLayer.GalaxyTest@d35dea7]" started-at="2026-06-13T12:08:57 IST" name="TestCase001" finished-at="2026-06-13T12:09:09 IST" duration-ms="12579" status="PASS">
          <reporter-output>
          </reporter-output>
        </test-method> <!-- TestCase001 -->
        <test-method is-config="true" signature="TearDown()[pri:0, instance:amazon.automationTest.testLayer.GalaxyTest@d35dea7]" started-at="2026-06-13T12:09:09 IST" name="TearDown" finished-at="2026-06-13T12:09:10 IST" duration-ms="551" status="PASS">
          <reporter-output>
          </reporter-output>
        </test-method> <!-- TearDown -->
      </class> <!-- amazon.automationTest.testLayer.GalaxyTest -->
    </test> <!-- Test -->
  </suite> <!-- Suite -->
</testng-results>
